\BOOKMARK [0][-]{chapter.1}{\376\377\000N\000o\000t\000e\000s\000\040\000i\000n\000f\000o\000\040\000i\000n\000t\000r\000o\000d\000u\000c\000t\000i\000o\000n}{}% 1
\BOOKMARK [0][-]{chapter.2}{\376\377\000G\000e\000t\000i\000n\000g\000\040\000S\000t\000a\000r\000t\000e\000d\000\040\000w\000i\000t\000h\000\040\000D\000o\000c\000k\000e\000r}{}% 2
\BOOKMARK [1][-]{section.2.1}{\376\377\000B\000a\000s\000e\000\040\000C\000L\000I\000\040\000C\000o\000m\000m\000a\000n\000d}{chapter.2}% 3
\BOOKMARK [2][-]{subsection.2.1.1}{\376\377\000D\000o\000c\000k\000e\000r\000\040\000I\000m\000a\000g\000e\000\040\000c\000o\000m\000m\000a\000n\000d\000s}{section.2.1}% 4
\BOOKMARK [2][-]{subsection.2.1.2}{\376\377\000D\000o\000c\000k\000e\000r\000\040\000C\000o\000n\000t\000a\000i\000n\000e\000r\000\040\000C\000o\000m\000m\000a\000n\000d\000s}{section.2.1}% 5
\BOOKMARK [1][-]{section.2.2}{\376\377\000I\000m\000a\000g\000e\000s\000\040\000v\000s\000\040\000C\000o\000n\000t\000a\000i\000n\000e\000r\000s}{chapter.2}% 6
\BOOKMARK [2][-]{subsection.2.2.1}{\376\377\000A\000t\000t\000a\000c\000h\000e\000d\000\040\000v\000s\000\040\000D\000e\000t\000a\000c\000h\000e\000d\000\040\000m\000o\000d\000e\000s}{section.2.2}% 7
\BOOKMARK [2][-]{subsection.2.2.2}{\376\377\000B\000a\000s\000i\000c\000\040\000C\000o\000n\000t\000a\000i\000n\000e\000r\000\040\000M\000a\000n\000a\000g\000e\000m\000e\000n\000t\000\040\000C\000o\000m\000m\000a\000n\000d\000s}{section.2.2}% 8
\BOOKMARK [2][-]{subsection.2.2.3}{\376\377\000B\000a\000s\000i\000c\000\040\000C\000o\000n\000t\000a\000i\000n\000e\000r\000\040\000L\000i\000f\000e\000c\000y\000c\000l\000e}{section.2.2}% 9
\BOOKMARK [2][-]{subsection.2.2.4}{\376\377\000D\000o\000c\000k\000e\000r\000\040\000C\000o\000n\000t\000a\000i\000n\000e\000r\000\040\000e\000x\000e\000c}{section.2.2}% 10
\BOOKMARK [2][-]{subsection.2.2.5}{\376\377\000d\000o\000c\000k\000e\000r\000\040\000c\000o\000n\000t\000a\000i\000n\000e\000r\000\040\000e\000x\000e\000c\000\040\000-\000\040\000i\000m\000p\000o\000r\000t\000a\000n\000t\000\040\000o\000f\000\040\000-\000i\000\040\000a\000n\000d\000\040\000-\000t\000\040\000f\000l\000a\000g\000s}{section.2.2}% 11
\BOOKMARK [2][-]{subsection.2.2.6}{\376\377\000T\000h\000e\000\040\000-\000i\000\040\000f\000l\000a\000g\000\040\000\050\000i\000n\000t\000e\000r\000a\000c\000t\000i\000v\000e\000\051}{section.2.2}% 12
\BOOKMARK [2][-]{subsection.2.2.7}{\376\377\000T\000h\000e\000\040\000-\000t\000\040\000F\000l\000a\000g\000\040\000\050\000T\000T\000Y\000\051}{section.2.2}% 13
\BOOKMARK [1][-]{section.2.3}{\376\377\000B\000a\000s\000i\000c\000s\000\040\000o\000f\000\040\000P\000o\000r\000t\000s}{chapter.2}% 14
\BOOKMARK [1][-]{section.2.4}{\376\377\000P\000u\000b\000l\000i\000s\000h\000i\000n\000g\000\040\000P\000o\000r\000t\000s\000\040\000i\000n\000\040\000D\000o\000c\000k\000e\000r}{chapter.2}% 15
\BOOKMARK [2][-]{subsection.2.4.1}{\376\377\000P\000o\000r\000t\000s\000\040\000C\000o\000n\000c\000e\000p\000t}{section.2.4}% 16
\BOOKMARK [2][-]{subsection.2.4.2}{\376\377\000C\000o\000n\000n\000e\000c\000t\000i\000n\000g\000\040\000t\000o\000\040\000C\000o\000n\000t\000a\000i\000n\000e\000r\000\040\000A\000p\000p\000l\000i\000c\000a\000t\000i\000o\000n}{section.2.4}% 17
\BOOKMARK [1][-]{section.2.5}{\376\377\000D\000o\000c\000k\000e\000r\000\040\000R\000e\000s\000t\000a\000r\000t\000\040\000P\000o\000l\000i\000c\000y}{chapter.2}% 18
\BOOKMARK [2][-]{subsection.2.5.1}{\376\377\000R\000e\000s\000t\000a\000r\000t\000\040\000p\000o\000l\000i\000c\000i\000e\000s}{section.2.5}% 19
\BOOKMARK [2][-]{subsection.2.5.2}{\376\377\000C\000h\000o\000o\000s\000i\000n\000g\000\040\000t\000h\000e\000\040\000r\000i\000g\000h\000t\000\040\000p\000o\000l\000i\000c\000y}{section.2.5}% 20
\BOOKMARK [0][-]{chapter.3}{\376\377\000C\000r\000e\000a\000t\000i\000o\000n\000,\000\040\000M\000a\000n\000a\000g\000e\000m\000e\000n\000t\000\040\000a\000n\000d\000\040\000R\000e\000g\000i\000s\000t\000r\000y}{}% 21
\BOOKMARK [1][-]{section.3.1}{\376\377\000B\000a\000s\000i\000c\000s\000\040\000o\000f\000\040\000a\000\040\000D\000o\000c\000k\000e\000r\000f\000i\000l\000e}{chapter.3}% 22
\BOOKMARK [1][-]{section.3.2}{\376\377\000D\000o\000c\000k\000e\000r\000\040\000f\000i\000l\000e\000\040\000I\000n\000s\000t\000r\000u\000c\000t\000i\000o\000n\000s}{chapter.3}% 23
\BOOKMARK [1][-]{section.3.3}{\376\377\000D\000o\000c\000k\000e\000r\000\040\000I\000m\000a\000g\000e\000\040\000P\000r\000u\000n\000e}{chapter.3}% 24
\BOOKMARK [1][-]{section.3.4}{\376\377\000L\000a\000y\000e\000r\000s\000\040\000o\000f\000\040\000a\000\040\000D\000o\000c\000k\000e\000r\000\040\000I\000m\000a\000g\000e}{chapter.3}% 25
\BOOKMARK [1][-]{section.3.5}{\376\377\000D\000o\000c\000k\000e\000r\000\040\000B\000u\000i\000l\000d\000\040\000C\000a\000c\000h\000e}{chapter.3}% 26
\BOOKMARK [1][-]{section.3.6}{\376\377\000D\000o\000c\000k\000e\000r\000f\000i\000l\000e\000\040\000-\000\040\000H\000E\000A\000L\000T\000H\000C\000H\000E\000C\000K\000\040\000i\000n\000s\000t\000r\000u\000c\000t\000i\000o\000n}{chapter.3}% 27
\BOOKMARK [1][-]{section.3.7}{\376\377\000D\000o\000c\000k\000e\000r\000\040\000c\000o\000m\000m\000i\000t}{chapter.3}% 28
\BOOKMARK [1][-]{section.3.8}{\376\377\000F\000l\000a\000t\000t\000e\000n\000i\000n\000g\000\040\000D\000o\000c\000k\000e\000r\000\040\000I\000m\000a\000g\000e\000s}{chapter.3}% 29
\BOOKMARK [1][-]{section.3.9}{\376\377\000O\000v\000e\000r\000v\000i\000e\000w\000\040\000o\000f\000\040\000D\000o\000c\000k\000e\000r\000\040\000R\000e\000g\000i\000s\000t\000r\000i\000e\000s}{chapter.3}% 30
\BOOKMARK [1][-]{section.3.10}{\376\377\000P\000u\000s\000h\000i\000n\000g\000\040\000I\000m\000a\000g\000e\000s\000\040\000t\000o\000\040\000a\000\040\000C\000e\000n\000t\000r\000a\000l\000\040\000R\000e\000p\000o\000s\000i\000t\000o\000r\000y}{chapter.3}% 31
\BOOKMARK [1][-]{section.3.11}{\376\377\000A\000p\000p\000l\000y\000i\000n\000g\000\040\000F\000i\000l\000t\000e\000r\000\040\000f\000o\000r\000\040\000D\000o\000c\000k\000e\000r\000\040\000I\000m\000a\000g\000e\000s}{chapter.3}% 32
\BOOKMARK [1][-]{section.3.12}{\376\377\000M\000o\000v\000i\000n\000g\000\040\000I\000m\000a\000g\000e\000s\000\040\000A\000c\000r\000o\000s\000s\000\040\000H\000o\000s\000t\000s}{chapter.3}% 33
\BOOKMARK [0][-]{chapter.4}{\376\377\000N\000e\000t\000w\000o\000r\000k\000i\000n\000g}{}% 34
\BOOKMARK [1][-]{section.4.1}{\376\377\000O\000v\000e\000r\000v\000i\000e\000w\000\040\000o\000f\000\040\000D\000o\000c\000k\000e\000r\000\040\000N\000e\000t\000w\000o\000r\000k\000i\000n\000g}{chapter.4}% 35
\BOOKMARK [1][-]{section.4.2}{\376\377\000U\000n\000d\000e\000r\000s\000t\000a\000n\000d\000i\000n\000g\000\040\000B\000r\000i\000d\000g\000e\000\040\000N\000e\000t\000w\000o\000r\000k\000s}{chapter.4}% 36
\BOOKMARK [1][-]{section.4.3}{\376\377\000I\000m\000p\000l\000e\000m\000e\000n\000t\000i\000n\000g\000\040\000U\000s\000e\000r\000-\000D\000e\000f\000i\000n\000e\000d\000\040\000B\000r\000i\000d\000g\000e\000\040\000N\000e\000t\000w\000o\000r\000k\000s}{chapter.4}% 37
\BOOKMARK [1][-]{section.4.4}{\376\377\000U\000n\000d\000e\000r\000s\000t\000a\000n\000d\000i\000n\000g\000\040\000H\000o\000s\000t\000\040\000N\000e\000t\000w\000o\000r\000k}{chapter.4}% 38
\BOOKMARK [1][-]{section.4.5}{\376\377\000I\000m\000p\000l\000e\000m\000e\000n\000t\000i\000n\000g\000\040\000N\000o\000n\000e\000\040\000N\000e\000t\000w\000o\000r\000k}{chapter.4}% 39
\BOOKMARK [1][-]{section.4.6}{\376\377\000P\000u\000b\000l\000i\000s\000h\000\040\000A\000l\000l\000\040\000A\000r\000g\000u\000m\000e\000n\000t\000\040\000f\000o\000r\000\040\000E\000x\000p\000o\000s\000e\000d\000\040\000P\000o\000r\000t\000s}{chapter.4}% 40
\BOOKMARK [1][-]{section.4.7}{\376\377\000L\000e\000g\000a\000c\000y\000\040\000A\000p\000p\000r\000o\000a\000c\000h\000\040\000f\000o\000r\000\040\000L\000i\000n\000k\000i\000n\000g\000\040\000C\000o\000n\000t\000a\000i\000n\000e\000r\000s}{chapter.4}% 41
\BOOKMARK [0][-]{chapter.5}{\376\377\000O\000r\000c\000h\000e\000s\000t\000r\000a\000t\000i\000o\000n}{}% 42
\BOOKMARK [0][-]{chapter.6}{\376\377\000O\000r\000c\000h\000e\000s\000t\000r\000a\000t\000i\000o\000n\000\040\000u\000s\000i\000n\000g\000\040\000K\000u\000b\000e\000r\000n\000e\000t\000e\000s}{}% 43
\BOOKMARK [0][-]{chapter.7}{\376\377\000I\000n\000s\000t\000a\000l\000l\000a\000t\000i\000o\000n\000\040\000a\000n\000d\000\040\000C\000o\000n\000f\000i\000g\000u\000r\000a\000t\000i\000o\000n\000\040\000o\000f\000\040\000D\000o\000c\000k\000e\000r\000\040\000E\000E}{}% 44
\BOOKMARK [0][-]{chapter.8}{\376\377\000S\000e\000c\000u\000r\000i\000t\000y}{}% 45
\BOOKMARK [1][-]{section.8.1}{\376\377\000O\000v\000e\000r\000v\000i\000e\000w\000\040\000o\000f\000\040\000C\000o\000n\000t\000a\000i\000n\000e\000r\000\040\000S\000e\000c\000u\000r\000i\000t\000y\000\040\000S\000c\000a\000n\000n\000i\000n\000g}{chapter.8}% 46
\BOOKMARK [1][-]{section.8.2}{\376\377\000C\000o\000n\000f\000i\000g\000u\000r\000i\000n\000g\000\040\000C\000o\000n\000t\000a\000i\000n\000e\000r\000\040\000S\000c\000a\000n\000\040\000w\000i\000t\000h\000\040\000D\000T\000R}{chapter.8}% 47
\BOOKMARK [1][-]{section.8.3}{\376\377\000D\000T\000R\000\040\000W\000e\000b\000h\000o\000o\000k\000s}{chapter.8}% 48
\BOOKMARK [1][-]{section.8.4}{\376\377\000O\000v\000e\000r\000v\000i\000e\000w\000\040\000o\000f\000\040\000U\000C\000P\000\040\000C\000l\000i\000e\000n\000t\000\040\000B\000u\000n\000d\000l\000e}{chapter.8}% 49
\BOOKMARK [1][-]{section.8.5}{\376\377\000I\000n\000t\000e\000g\000r\000a\000t\000i\000n\000g\000\040\000C\000L\000I\000\040\000w\000i\000t\000h\000\040\000U\000C\000P\000\040\000C\000l\000i\000e\000n\000t\000\040\000B\000u\000n\000d\000l\000e}{chapter.8}% 50
\BOOKMARK [1][-]{section.8.6}{\376\377\000O\000v\000e\000r\000v\000i\000e\000w\000\040\000o\000f\000\040\000L\000D\000A\000P}{chapter.8}% 51
\BOOKMARK [1][-]{section.8.7}{\376\377\000I\000n\000t\000e\000g\000r\000a\000t\000i\000n\000g\000\040\000L\000D\000A\000P\000\040\000w\000i\000t\000h\000\040\000U\000C\000P}{chapter.8}% 52
\BOOKMARK [1][-]{section.8.8}{\376\377\000L\000i\000n\000u\000x\000\040\000N\000a\000m\000e\000s\000p\000a\000c\000e\000s}{chapter.8}% 53
\BOOKMARK [1][-]{section.8.9}{\376\377\000C\000o\000n\000t\000r\000o\000l\000\040\000G\000r\000o\000u\000p\000s\000\040\000\050\000c\000g\000r\000o\000u\000p\000s\000\051}{chapter.8}% 54
\BOOKMARK [1][-]{section.8.10}{\376\377\000L\000i\000m\000i\000t\000i\000n\000g\000\040\000C\000P\000U\000s\000\040\000f\000o\000r\000\040\000C\000o\000n\000t\000a\000i\000n\000e\000r\000s}{chapter.8}% 55
\BOOKMARK [1][-]{section.8.11}{\376\377\000R\000e\000s\000e\000r\000v\000a\000t\000i\000o\000n\000\040\000v\000s\000\040\000L\000i\000m\000i\000t\000s}{chapter.8}% 56
\BOOKMARK [1][-]{section.8.12}{\376\377\000S\000w\000a\000r\000m\000\040\000M\000T\000L\000S}{chapter.8}% 57
\BOOKMARK [1][-]{section.8.13}{\376\377\000M\000a\000n\000a\000g\000i\000n\000g\000\040\000S\000e\000c\000r\000e\000t\000s\000\040\000i\000n\000\040\000D\000o\000c\000k\000e\000r\000\040\000S\000w\000a\000r\000m}{chapter.8}% 58
\BOOKMARK [1][-]{section.8.14}{\376\377\000D\000o\000c\000k\000e\000r\000\040\000C\000o\000n\000t\000e\000n\000t\000\040\000T\000r\000u\000s\000t}{chapter.8}% 59
\BOOKMARK [1][-]{section.8.15}{\376\377\000O\000v\000e\000r\000v\000i\000e\000w\000\040\000o\000f\000\040\000D\000o\000c\000k\000e\000r\000\040\000G\000r\000o\000u\000p\000s}{chapter.8}% 60
\BOOKMARK [1][-]{section.8.16}{\376\377\000O\000v\000e\000r\000v\000i\000e\000w\000\040\000o\000f\000\040\000L\000i\000n\000u\000x\000\040\000C\000a\000p\000a\000b\000i\000l\000i\000t\000i\000e\000s\000\040\000f\000o\000r\000\040\000D\000o\000c\000k\000e\000r}{chapter.8}% 61
\BOOKMARK [1][-]{section.8.17}{\376\377\000P\000r\000i\000v\000i\000l\000e\000g\000e\000d\000\040\000C\000o\000n\000t\000a\000i\000n\000e\000r\000s}{chapter.8}% 62
\BOOKMARK [0][-]{chapter.9}{\376\377\000S\000t\000o\000r\000a\000g\000e\000\040\000a\000n\000d\000\040\000V\000o\000l\000u\000m\000e\000s}{}% 63
\BOOKMARK [1][-]{section.9.1}{\376\377\000O\000v\000e\000r\000v\000i\000e\000w\000\040\000o\000f\000\040\000D\000o\000c\000k\000e\000r\000\040\000S\000t\000o\000r\000a\000g\000e\000\040\000D\000r\000i\000v\000e\000r\000s}{chapter.9}% 64
\BOOKMARK [1][-]{section.9.2}{\376\377\000B\000l\000o\000c\000k\000\040\000v\000s\000\040\000O\000b\000j\000e\000c\000t\000\040\000S\000t\000o\000r\000a\000g\000e}{chapter.9}% 65
\BOOKMARK [1][-]{section.9.3}{\376\377\000C\000h\000a\000n\000g\000i\000n\000g\000\040\000S\000t\000o\000r\000a\000g\000e\000\040\000D\000r\000i\000v\000e\000r\000s}{chapter.9}% 66
\BOOKMARK [1][-]{section.9.4}{\376\377\000O\000v\000e\000r\000v\000i\000e\000w\000\040\000o\000f\000\040\000D\000o\000c\000k\000e\000r\000\040\000V\000o\000l\000u\000m\000e\000s}{chapter.9}% 67
\BOOKMARK [1][-]{section.9.5}{\376\377\000B\000i\000n\000d\000\040\000M\000o\000u\000n\000t\000s}{chapter.9}% 68
\BOOKMARK [1][-]{section.9.6}{\376\377\000A\000u\000t\000o\000m\000a\000t\000i\000c\000a\000l\000l\000y\000\040\000R\000e\000m\000o\000v\000e\000\040\000V\000o\000l\000u\000m\000e\000\040\000o\000n\000\040\000C\000o\000n\000t\000a\000i\000n\000e\000r\000\040\000E\000x\000i\000s\000t}{chapter.9}% 69
\BOOKMARK [1][-]{section.9.7}{\376\377\000O\000v\000e\000r\000v\000i\000e\000w\000\040\000o\000f\000\040\000D\000e\000v\000i\000c\000e\000\040\000M\000a\000p\000p\000e\000r}{chapter.9}% 70
\BOOKMARK [1][-]{section.9.8}{\376\377\000L\000o\000g\000g\000i\000n\000g\000\040\000D\000r\000i\000v\000e\000r\000s}{chapter.9}% 71
\BOOKMARK [1][-]{section.9.9}{\376\377\000C\000r\000e\000a\000t\000i\000n\000g\000\040\000V\000o\000l\000u\000m\000e\000s\000\040\000i\000n\000\040\000K\000u\000b\000e\000r\000n\000e\000t\000e\000s}{chapter.9}% 72
\BOOKMARK [1][-]{section.9.10}{\376\377\000P\000e\000r\000s\000i\000s\000t\000e\000n\000t\000V\000o\000l\000u\000m\000e\000s\000\040\000a\000n\000d\000\040\000P\000e\000r\000s\000i\000s\000t\000e\000n\000t\000V\000o\000l\000u\000m\000e\000C\000l\000a\000i\000m\000s}{chapter.9}% 73
\BOOKMARK [1][-]{section.9.11}{\376\377\000V\000o\000l\000u\000m\000e\000\040\000E\000x\000p\000a\000n\000s\000i\000o\000n\000\040\000i\000n\000\040\000K\000u\000b\000e\000r\000n\000e\000t\000e\000s}{chapter.9}% 74
\BOOKMARK [1][-]{section.9.12}{\376\377\000R\000e\000c\000l\000a\000i\000m\000\040\000P\000o\000l\000i\000c\000y}{chapter.9}% 75
\BOOKMARK [1][-]{section.9.13}{\376\377\000U\000n\000d\000e\000r\000s\000t\000a\000n\000d\000\040\000R\000e\000t\000a\000i\000n\000\040\000R\000e\000c\000l\000a\000i\000m\000\040\000P\000o\000l\000i\000c\000y}{chapter.9}% 76
\BOOKMARK [1][-]{section.9.14}{\376\377\000S\000t\000o\000r\000a\000g\000e\000\040\000C\000l\000a\000s\000s}{chapter.9}% 77
